{
    "devops-mq01.us-east-1a.test.foobar.com": {
        "productCodes": {
            "item": {
                "productCode": "aw0evgkw8e5c1q413zgy5pjce", 
                "type": "marketplace"
            }
        }, 
        "vpcId": "vpc-xxxxxxxx", 
        "instanceId": "i-06b6183f148c658be", 
        "image": "ami-4bf3d731", 
        "imageId": "ami-4bf3d731", 
        "keyName": "saltmaster", 
        "clientToken": null, 
        "subnetId": "subnet-086c7450", 
        "amiLaunchIndex": "0", 
        "id": "i-06b6183f148c658be", 
        "size": "t2.small", 
        "groupSet": {
            "item": {
                "groupName": "CentOS 7 -x86_64- - with Updates HVM-1801_01-AutogenByAWSMP-3", 
                "groupId": "sg-824967f4"
            }
        }, 
        "monitoring": {
            "state": "disabled"
        }, 
        "instanceType": "t2.small", 
        "state": "running", 
        "dnsName": null, 
        "privateIpAddress": "10.123.20.230", 
        "virtualizationType": "hvm", 
        "privateDnsName": "ip-10-123-20-230.ec2.internal", 
        "reason": null, 
        "tagSet": {
            "item": [
                {
                    "value": "salt dev testing", 
                    "key": "purpose"
                }, 
                {
                    "value": "devops-mq01.us-east-1a.test.foobar.com", 
                    "key": "Name"
                }, 
                {
                    "value": "devops", 
                    "key": "Team"
                }, 
                {
                    "value": "paul bruno", 
                    "key": "Contact"
                }, 
                {
                    "value": "paulbruno", 
                    "key": "owner"
                }
            ]
        }, 
        "deployed": true, 
        "name": "devops-mq01.us-east-1a.test.foobar.com", 
        "sourceDestCheck": "true", 
        "blockDeviceMapping": {
            "item": {
                "deviceName": "/dev/sda1", 
                "ebs": {
                    "status": "attached", 
                    "deleteOnTermination": "true", 
                    "volumeId": "vol-0d083d214720f4b31", 
                    "attachTime": "2018-05-24T20:42:01.000Z"
                }
            }
        }, 
        "placement": {
            "groupName": null, 
            "tenancy": "default", 
            "availabilityZone": "us-east-1a"
        }, 
        "private_ips": "10.123.20.230", 
        "instanceState": {
            "code": "16", 
            "name": "running"
        }, 
        "networkInterfaceSet": {
            "item": {
                "status": "in-use", 
                "macAddress": "0e:da:8f:2a:9c:60", 
                "sourceDestCheck": "true", 
                "vpcId": "vpc-xxxxxxxxx", 
                "description": null, 
                "networkInterfaceId": "eni-680bbdf3", 
                "privateDnsName": "ip-10-123-20-230.ec2.internal", 
                "groupSet": {
                    "item": {
                        "groupName": "CentOS 7 -x86_64- - with Updates HVM-1801_01-AutogenByAWSMP-3", 
                        "groupId": "sg-824967f4"
                    }
                }, 
                "attachment": {
                    "status": "attached", 
                    "deviceIndex": "0", 
                    "deleteOnTermination": "true", 
                    "attachmentId": "eni-attach-2db2c236", 
                    "attachTime": "2018-05-24T20:42:00.000Z"
                }, 
                "subnetId": "subnet-086c7450", 
                "ownerId": "705695343602", 
                "privateIpAddressesSet": {
                    "item": {
                        "privateDnsName": "ip-10-123-20-230.ec2.internal", 
                        "primary": "true", 
                        "privateIpAddress": "10.123.20.230"
                    }
                }, 
                "privateIpAddress": "10.123.20.230"
            }
        }, 
        "public_ips": [], 
        "ebsOptimized": "false", 
        "launchTime": "2018-05-24T20:42:00.000Z", 
        "architecture": "x86_64", 
        "hypervisor": "xen", 
        "rootDeviceType": "ebs", 
        "rootDeviceName": "/dev/sda1"
    }, 
    "devops-nifi-dummy-01.clid-1.us-east-1a.test.foobar.com": {
        "productCodes": {
            "item": {
                "productCode": "aw0evgkw8e5c1q413zgy5pjce", 
                "type": "marketplace"
            }
        }, 
        "vpcId": "vpc-xxxxxxxxxx", 
        "Attached Volumes": [
            "vol-0f7d03047ae2bf5ff attached to i-0fa6155c9deeca60f (aka devops-nifi-dummy-01.clid-1.us-east-1a.test.foobar.com) as device /dev/xvdf", 
            "vol-061645e815fa00d68 attached to i-0fa6155c9deeca60f (aka devops-nifi-dummy-01.clid-1.us-east-1a.test.foobar.com) as device /dev/xvdh", 
            "vol-0469aad6944ecd4c2 attached to i-0fa6155c9deeca60f (aka devops-nifi-dummy-01.clid-1.us-east-1a.test.foobar.com) as device /dev/xvdj", 
            "vol-0c64c7dc13379c804 attached to i-0fa6155c9deeca60f (aka devops-nifi-dummy-01.clid-1.us-east-1a.test.foobar.com) as device /dev/xvdi", 
            "vol-0375f824538116d6d attached to i-0fa6155c9deeca60f (aka devops-nifi-dummy-01.clid-1.us-east-1a.test.foobar.com) as device /dev/xvdg"
        ], 
        "instanceId": "i-0fa6155c9deeca60f", 
        "image": "ami-4bf3d731", 
        "imageId": "ami-4bf3d731", 
        "keyName": "saltmaster", 
        "clientToken": null, 
        "subnetId": "subnet-086c7450", 
        "amiLaunchIndex": "0", 
        "id": "i-0fa6155c9deeca60f", 
        "size": "t2.medium", 
        "groupSet": {
            "item": {
                "groupName": "CentOS 7 -x86_64- - with Updates HVM-1801_01-AutogenByAWSMP-3", 
                "groupId": "sg-824967f4"
            }
        }, 
        "monitoring": {
            "state": "disabled"
        }, 
        "instanceType": "t2.medium", 
        "state": "running", 
        "dnsName": null, 
        "privateIpAddress": "10.123.20.239", 
        "virtualizationType": "hvm", 
        "privateDnsName": "ip-10-123-20-239.ec2.internal", 
        "reason": null, 
        "tagSet": {
            "item": [
                {
                    "value": "paulbruno", 
                    "key": "owner"
                }, 
                {
                    "value": "paul bruno", 
                    "key": "Contact"
                }, 
                {
                    "value": "devops-nifi-dummy-01.clid-1.us-east-1a.test.foobar.com", 
                    "key": "Name"
                }, 
                {
                    "value": "devops", 
                    "key": "Team"
                }, 
                {
                    "value": "salt dev testing", 
                    "key": "purpose"
                }
            ]
        }, 
        "deployed": true, 
        "private_ips": "10.123.20.239", 
        "sourceDestCheck": "true", 
        "blockDeviceMapping": {
            "item": [
                {
                    "deviceName": "/dev/sda1", 
                    "ebs": {
                        "status": "attached", 
                        "deleteOnTermination": "true", 
                        "volumeId": "vol-01cc1e41b5812398a", 
                        "attachTime": "2018-05-24T20:42:04.000Z"
                    }
                }, 
                {
                    "deviceName": "/dev/xvdf", 
                    "ebs": {
                        "status": "attached", 
                        "deleteOnTermination": "true", 
                        "volumeId": "vol-0f7d03047ae2bf5ff", 
                        "attachTime": "2018-05-24T20:44:03.000Z"
                    }
                }, 
                {
                    "deviceName": "/dev/xvdh", 
                    "ebs": {
                        "status": "attached", 
                        "deleteOnTermination": "true", 
                        "volumeId": "vol-061645e815fa00d68", 
                        "attachTime": "2018-05-24T20:44:14.000Z"
                    }
                }, 
                {
                    "deviceName": "/dev/xvdj", 
                    "ebs": {
                        "status": "attached", 
                        "deleteOnTermination": "true", 
                        "volumeId": "vol-0469aad6944ecd4c2", 
                        "attachTime": "2018-05-24T20:44:25.000Z"
                    }
                }, 
                {
                    "deviceName": "/dev/xvdi", 
                    "ebs": {
                        "status": "attached", 
                        "deleteOnTermination": "true", 
                        "volumeId": "vol-0c64c7dc13379c804", 
                        "attachTime": "2018-05-24T20:44:36.000Z"
                    }
                }, 
                {
                    "deviceName": "/dev/xvdg", 
                    "ebs": {
                        "status": "attached", 
                        "deleteOnTermination": "true", 
                        "volumeId": "vol-0375f824538116d6d", 
                        "attachTime": "2018-05-24T20:44:48.000Z"
                    }
                }
            ]
        }, 
        "placement": {
            "groupName": null, 
            "tenancy": "default", 
            "availabilityZone": "us-east-1a"
        }, 
        "name": "devops-nifi-dummy-01.clid-1.us-east-1a.test.foobar.com", 
        "instanceState": {
            "code": "16", 
            "name": "running"
        }, 
        "networkInterfaceSet": {
            "item": {
                "status": "in-use", 
                "macAddress": "0e:0b:5f:80:ca:7c", 
                "sourceDestCheck": "true", 
                "vpcId": "vpc-xxxxxxxx", 
                "description": null, 
                "networkInterfaceId": "eni-6f0bbdf4", 
                "privateDnsName": "ip-10-123-20-239.ec2.internal", 
                "groupSet": {
                    "item": {
                        "groupName": "CentOS 7 -x86_64- - with Updates HVM-1801_01-AutogenByAWSMP-3", 
                        "groupId": "sg-824967f4"
                    }
                }, 
                "attachment": {
                    "status": "attached", 
                    "deviceIndex": "0", 
                    "deleteOnTermination": "true", 
                    "attachmentId": "eni-attach-edb1c1f6", 
                    "attachTime": "2018-05-24T20:42:04.000Z"
                }, 
                "subnetId": "subnet-086c7450", 
                "ownerId": "705695343602", 
                "privateIpAddressesSet": {
                    "item": {
                        "privateDnsName": "ip-10-123-20-239.ec2.internal", 
                        "primary": "true", 
                        "privateIpAddress": "10.123.20.239"
                    }
                }, 
                "privateIpAddress": "10.123.20.239"
            }
        }, 
        "public_ips": [], 
        "ebsOptimized": "false", 
        "launchTime": "2018-05-24T20:42:04.000Z", 
        "architecture": "x86_64", 
        "hypervisor": "xen", 
        "rootDeviceType": "ebs", 
        "rootDeviceName": "/dev/sda1"
    }, 
    "devops-mq02.us-east-1a.test.foobar.com": {
        "productCodes": {
            "item": {
                "productCode": "aw0evgkw8e5c1q413zgy5pjce", 
                "type": "marketplace"
            }
        }, 
        "vpcId": "vpc-xxxxxxx", 
        "instanceId": "i-0de0aba55d0de846d", 
        "image": "ami-4bf3d731", 
        "imageId": "ami-4bf3d731", 
        "keyName": "saltmaster", 
        "clientToken": null, 
        "subnetId": "subnet-086c7450", 
        "amiLaunchIndex": "0", 
        "id": "i-0de0aba55d0de846d", 
        "size": "t2.small", 
        "groupSet": {
            "item": {
                "groupName": "CentOS 7 -x86_64- - with Updates HVM-1801_01-AutogenByAWSMP-3", 
                "groupId": "sg-824967f4"
            }
        }, 
        "monitoring": {
            "state": "disabled"
        }, 
        "instanceType": "t2.small", 
        "state": "running", 
        "dnsName": null, 
        "privateIpAddress": "10.123.20.192", 
        "virtualizationType": "hvm", 
        "privateDnsName": "ip-10-123-20-192.ec2.internal", 
        "reason": null, 
        "tagSet": {
            "item": [
                {
                    "value": "devops-mq02.us-east-1a.test.foobar.com", 
                    "key": "Name"
                }, 
                {
                    "value": "devops", 
                    "key": "Team"
                }, 
                {
                    "value": "paul bruno", 
                    "key": "Contact"
                }, 
                {
                    "value": "salt dev testing", 
                    "key": "purpose"
                }, 
                {
                    "value": "paulbruno", 
                    "key": "owner"
                }
            ]
        }, 
        "deployed": true, 
        "name": "devops-mq02.us-east-1a.test.foobar.com", 
        "sourceDestCheck": "true", 
        "blockDeviceMapping": {
            "item": {
                "deviceName": "/dev/sda1", 
                "ebs": {
                    "status": "attached", 
                    "deleteOnTermination": "true", 
                    "volumeId": "vol-07ae75cb88e3db290", 
                    "attachTime": "2018-05-24T20:42:00.000Z"
                }
            }
        }, 
        "placement": {
            "groupName": null, 
            "tenancy": "default", 
            "availabilityZone": "us-east-1a"
        }, 
        "private_ips": "10.123.20.192", 
        "instanceState": {
            "code": "16", 
            "name": "running"
        }, 
        "networkInterfaceSet": {
            "item": {
                "status": "in-use", 
                "macAddress": "0e:de:63:2b:d9:2a", 
                "sourceDestCheck": "true", 
                "vpcId": "vpc-xxxxxxx", 
                "description": null, 
                "networkInterfaceId": "eni-270dbbbc", 
                "privateDnsName": "ip-10-123-20-192.ec2.internal", 
                "groupSet": {
                    "item": {
                        "groupName": "CentOS 7 -x86_64- - with Updates HVM-1801_01-AutogenByAWSMP-3", 
                        "groupId": "sg-824967f4"
                    }
                }, 
                "attachment": {
                    "status": "attached", 
                    "deviceIndex": "0", 
                    "deleteOnTermination": "true", 
                    "attachmentId": "eni-attach-ecb2c2f7", 
                    "attachTime": "2018-05-24T20:42:00.000Z"
                }, 
                "subnetId": "subnet-086c7450", 
                "ownerId": "705695343602", 
                "privateIpAddressesSet": {
                    "item": {
                        "privateDnsName": "ip-10-123-20-192.ec2.internal", 
                        "primary": "true", 
                        "privateIpAddress": "10.123.20.192"
                    }
                }, 
                "privateIpAddress": "10.123.20.192"
            }
        }, 
        "public_ips": [], 
        "ebsOptimized": "false", 
        "launchTime": "2018-05-24T20:42:00.000Z", 
        "architecture": "x86_64", 
        "hypervisor": "xen", 
        "rootDeviceType": "ebs", 
        "rootDeviceName": "/dev/sda1"
    }, 
    "devops-nifi-02.clid-1.us-east-1a.test.foobar.com": {
        "productCodes": {
            "item": {
                "productCode": "aw0evgkw8e5c1q413zgy5pjce", 
                "type": "marketplace"
            }
        }, 
        "vpcId": "vpc-xxxxxxxx", 
        "Attached Volumes": [
            "vol-0affe339821cbc835 attached to i-03122ab2565fa9f34 (aka devops-nifi-02.clid-1.us-east-1a.test.foobar.com) as device /dev/xvdf", 
            "vol-076a50ab8b48c1b8d attached to i-03122ab2565fa9f34 (aka devops-nifi-02.clid-1.us-east-1a.test.foobar.com) as device /dev/xvdh", 
            "vol-0ecc02264d5fe3389 attached to i-03122ab2565fa9f34 (aka devops-nifi-02.clid-1.us-east-1a.test.foobar.com) as device /dev/xvdj", 
            "vol-0b3c6badce370d366 attached to i-03122ab2565fa9f34 (aka devops-nifi-02.clid-1.us-east-1a.test.foobar.com) as device /dev/xvdi", 
            "vol-03e5ab43fc572567c attached to i-03122ab2565fa9f34 (aka devops-nifi-02.clid-1.us-east-1a.test.foobar.com) as device /dev/xvdg"
        ], 
        "instanceId": "i-03122ab2565fa9f34", 
        "image": "ami-4bf3d731", 
        "imageId": "ami-4bf3d731", 
        "keyName": "saltmaster", 
        "clientToken": null, 
        "subnetId": "subnet-086c7450", 
        "amiLaunchIndex": "0", 
        "id": "i-03122ab2565fa9f34", 
        "size": "t2.small", 
        "groupSet": {
            "item": {
                "groupName": "CentOS 7 -x86_64- - with Updates HVM-1801_01-AutogenByAWSMP-3", 
                "groupId": "sg-824967f4"
            }
        }, 
        "monitoring": {
            "state": "disabled"
        }, 
        "instanceType": "t2.small", 
        "state": "running", 
        "dnsName": null, 
        "privateIpAddress": "10.123.20.137", 
        "virtualizationType": "hvm", 
        "privateDnsName": "ip-10-123-20-137.ec2.internal", 
        "reason": null, 
        "tagSet": {
            "item": [
                {
                    "value": "devops", 
                    "key": "Team"
                }, 
                {
                    "value": "paulbruno", 
                    "key": "owner"
                }, 
                {
                    "value": "paul bruno", 
                    "key": "Contact"
                }, 
                {
                    "value": "salt dev testing", 
                    "key": "purpose"
                }, 
                {
                    "value": "devops-nifi-02.clid-1.us-east-1a.test.foobar.com", 
                    "key": "Name"
                }
            ]
        }, 
        "deployed": true, 
        "private_ips": "10.123.20.137", 
        "sourceDestCheck": "true", 
        "blockDeviceMapping": {
            "item": [
                {
                    "deviceName": "/dev/sda1", 
                    "ebs": {
                        "status": "attached", 
                        "deleteOnTermination": "true", 
                        "volumeId": "vol-031cf26f9665798ab", 
                        "attachTime": "2018-05-24T20:42:06.000Z"
                    }
                }, 
                {
                    "deviceName": "/dev/xvdf", 
                    "ebs": {
                        "status": "attached", 
                        "deleteOnTermination": "true", 
                        "volumeId": "vol-0affe339821cbc835", 
                        "attachTime": "2018-05-24T20:43:54.000Z"
                    }
                }, 
                {
                    "deviceName": "/dev/xvdh", 
                    "ebs": {
                        "status": "attached", 
                        "deleteOnTermination": "true", 
                        "volumeId": "vol-076a50ab8b48c1b8d", 
                        "attachTime": "2018-05-24T20:44:06.000Z"
                    }
                }, 
                {
                    "deviceName": "/dev/xvdj", 
                    "ebs": {
                        "status": "attached", 
                        "deleteOnTermination": "true", 
                        "volumeId": "vol-0ecc02264d5fe3389", 
                        "attachTime": "2018-05-24T20:44:18.000Z"
                    }
                }, 
                {
                    "deviceName": "/dev/xvdi", 
                    "ebs": {
                        "status": "attached", 
                        "deleteOnTermination": "true", 
                        "volumeId": "vol-0b3c6badce370d366", 
                        "attachTime": "2018-05-24T20:44:29.000Z"
                    }
                }, 
                {
                    "deviceName": "/dev/xvdg", 
                    "ebs": {
                        "status": "attached", 
                        "deleteOnTermination": "true", 
                        "volumeId": "vol-03e5ab43fc572567c", 
                        "attachTime": "2018-05-24T20:44:40.000Z"
                    }
                }
            ]
        }, 
        "placement": {
            "groupName": null, 
            "tenancy": "default", 
            "availabilityZone": "us-east-1a"
        }, 
        "name": "devops-nifi-02.clid-1.us-east-1a.test.foobar.com", 
        "instanceState": {
            "code": "16", 
            "name": "running"
        }, 
        "networkInterfaceSet": {
            "item": {
                "status": "in-use", 
                "macAddress": "0e:40:f7:8c:f2:66", 
                "sourceDestCheck": "true", 
                "vpcId": "vpc-xxxxxxxxxx", 
                "description": null, 
                "networkInterfaceId": "eni-2a0eb8b1", 
                "privateDnsName": "ip-10-123-20-137.ec2.internal", 
                "groupSet": {
                    "item": {
                        "groupName": "CentOS 7 -x86_64- - with Updates HVM-1801_01-AutogenByAWSMP-3", 
                        "groupId": "sg-824967f4"
                    }
                }, 
                "attachment": {
                    "status": "attached", 
                    "deviceIndex": "0", 
                    "deleteOnTermination": "true", 
                    "attachmentId": "eni-attach-33b1c128", 
                    "attachTime": "2018-05-24T20:42:05.000Z"
                }, 
                "subnetId": "subnet-086c7450", 
                "ownerId": "705695343602", 
                "privateIpAddressesSet": {
                    "item": {
                        "privateDnsName": "ip-10-123-20-137.ec2.internal", 
                        "primary": "true", 
                        "privateIpAddress": "10.123.20.137"
                    }
                }, 
                "privateIpAddress": "10.123.20.137"
            }
        }, 
        "public_ips": [], 
        "ebsOptimized": "false", 
        "launchTime": "2018-05-24T20:42:05.000Z", 
        "architecture": "x86_64", 
        "hypervisor": "xen", 
        "rootDeviceType": "ebs", 
        "rootDeviceName": "/dev/sda1"
    }, 
    "devops-nifi-01.clid-1.us-east-1a.test.foobar.com": {
        "productCodes": {
            "item": {
                "productCode": "aw0evgkw8e5c1q413zgy5pjce", 
                "type": "marketplace"
            }
        }, 
        "vpcId": "vpc-xxxxxxxxx", 
        "Attached Volumes": [
            "vol-00c3d496be56c4bd9 attached to i-01b1c2a5fa52f9006 (aka devops-nifi-01.clid-1.us-east-1a.test.foobar.com) as device /dev/xvdf", 
            "vol-0c76d1b009a1a4e46 attached to i-01b1c2a5fa52f9006 (aka devops-nifi-01.clid-1.us-east-1a.test.foobar.com) as device /dev/xvdh", 
            "vol-0abbaa145f273c34f attached to i-01b1c2a5fa52f9006 (aka devops-nifi-01.clid-1.us-east-1a.test.foobar.com) as device /dev/xvdj", 
            "vol-016de85bce36d0c0e attached to i-01b1c2a5fa52f9006 (aka devops-nifi-01.clid-1.us-east-1a.test.foobar.com) as device /dev/xvdi", 
            "vol-0eae1282eea0b0167 attached to i-01b1c2a5fa52f9006 (aka devops-nifi-01.clid-1.us-east-1a.test.foobar.com) as device /dev/xvdg"
        ], 
        "instanceId": "i-01b1c2a5fa52f9006", 
        "image": "ami-4bf3d731", 
        "imageId": "ami-4bf3d731", 
        "keyName": "saltmaster", 
        "clientToken": null, 
        "subnetId": "subnet-086c7450", 
        "amiLaunchIndex": "0", 
        "id": "i-01b1c2a5fa52f9006", 
        "size": "t2.small", 
        "groupSet": {
            "item": {
                "groupName": "CentOS 7 -x86_64- - with Updates HVM-1801_01-AutogenByAWSMP-3", 
                "groupId": "sg-824967f4"
            }
        }, 
        "monitoring": {
            "state": "disabled"
        }, 
        "instanceType": "t2.small", 
        "state": "running", 
        "dnsName": null, 
        "privateIpAddress": "10.123.20.69", 
        "virtualizationType": "hvm", 
        "privateDnsName": "ip-10-123-20-69.ec2.internal", 
        "reason": null, 
        "tagSet": {
            "item": [
                {
                    "value": "salt dev testing", 
                    "key": "purpose"
                }, 
                {
                    "value": "devops", 
                    "key": "Team"
                }, 
                {
                    "value": "paulbruno", 
                    "key": "owner"
                }, 
                {
                    "value": "devops-nifi-01.clid-1.us-east-1a.test.foobar.com", 
                    "key": "Name"
                }, 
                {
                    "value": "paul bruno", 
                    "key": "Contact"
                }
            ]
        }, 
        "deployed": true, 
        "private_ips": "10.123.20.69", 
        "sourceDestCheck": "true", 
        "blockDeviceMapping": {
            "item": [
                {
                    "deviceName": "/dev/sda1", 
                    "ebs": {
                        "status": "attached", 
                        "deleteOnTermination": "true", 
                        "volumeId": "vol-0b8d226445c52f784", 
                        "attachTime": "2018-05-24T20:42:00.000Z"
                    }
                }, 
                {
                    "deviceName": "/dev/xvdf", 
                    "ebs": {
                        "status": "attached", 
                        "deleteOnTermination": "true", 
                        "volumeId": "vol-00c3d496be56c4bd9", 
                        "attachTime": "2018-05-24T20:43:46.000Z"
                    }
                }, 
                {
                    "deviceName": "/dev/xvdh", 
                    "ebs": {
                        "status": "attached", 
                        "deleteOnTermination": "true", 
                        "volumeId": "vol-0c76d1b009a1a4e46", 
                        "attachTime": "2018-05-24T20:43:57.000Z"
                    }
                }, 
                {
                    "deviceName": "/dev/xvdj", 
                    "ebs": {
                        "status": "attached", 
                        "deleteOnTermination": "true", 
                        "volumeId": "vol-0abbaa145f273c34f", 
                        "attachTime": "2018-05-24T20:44:08.000Z"
                    }
                }, 
                {
                    "deviceName": "/dev/xvdi", 
                    "ebs": {
                        "status": "attached", 
                        "deleteOnTermination": "true", 
                        "volumeId": "vol-016de85bce36d0c0e", 
                        "attachTime": "2018-05-24T20:44:20.000Z"
                    }
                }, 
                {
                    "deviceName": "/dev/xvdg", 
                    "ebs": {
                        "status": "attached", 
                        "deleteOnTermination": "true", 
                        "volumeId": "vol-0eae1282eea0b0167", 
                        "attachTime": "2018-05-24T20:44:31.000Z"
                    }
                }
            ]
        }, 
        "placement": {
            "groupName": null, 
            "tenancy": "default", 
            "availabilityZone": "us-east-1a"
        }, 
        "name": "devops-nifi-01.clid-1.us-east-1a.test.foobar.com", 
        "instanceState": {
            "code": "16", 
            "name": "running"
        }, 
        "networkInterfaceSet": {
            "item": {
                "status": "in-use", 
                "macAddress": "0e:a0:ed:4b:20:dc", 
                "sourceDestCheck": "true", 
                "vpcId": "vpc-xxxxxxxxxx", 
                "description": null, 
                "networkInterfaceId": "eni-2d08beb6", 
                "privateDnsName": "ip-10-123-20-69.ec2.internal", 
                "groupSet": {
                    "item": {
                        "groupName": "CentOS 7 -x86_64- - with Updates HVM-1801_01-AutogenByAWSMP-3", 
                        "groupId": "sg-824967f4"
                    }
                }, 
                "attachment": {
                    "status": "attached", 
                    "deviceIndex": "0", 
                    "deleteOnTermination": "true", 
                    "attachmentId": "eni-attach-d4b1c1cf", 
                    "attachTime": "2018-05-24T20:42:00.000Z"
                }, 
                "subnetId": "subnet-086c7450", 
                "ownerId": "705695343602", 
                "privateIpAddressesSet": {
                    "item": {
                        "privateDnsName": "ip-10-123-20-69.ec2.internal", 
                        "primary": "true", 
                        "privateIpAddress": "10.123.20.69"
                    }
                }, 
                "privateIpAddress": "10.123.20.69"
            }
        }, 
        "public_ips": [], 
        "ebsOptimized": "false", 
        "launchTime": "2018-05-24T20:42:00.000Z", 
        "architecture": "x86_64", 
        "hypervisor": "xen", 
        "rootDeviceType": "ebs", 
        "rootDeviceName": "/dev/sda1"
    }, 
    "devops-nifimgr-01.clid-1.us-east-1a.test.foobar.com": {
        "productCodes": {
            "item": {
                "productCode": "aw0evgkw8e5c1q413zgy5pjce", 
                "type": "marketplace"
            }
        }, 
        "vpcId": "vpc-xxxxxxxxxxx", 
        "Attached Volumes": [
            "vol-0dfe381853d4483d1 attached to i-04d1c15b122d9cbe7 (aka devops-nifimgr-01.clid-1.us-east-1a.test.foobar.com) as device /dev/xvdf", 
            "vol-0c4f5ac637f5651bf attached to i-04d1c15b122d9cbe7 (aka devops-nifimgr-01.clid-1.us-east-1a.test.foobar.com) as device /dev/xvdh", 
            "vol-089ddc5b554b8b3ce attached to i-04d1c15b122d9cbe7 (aka devops-nifimgr-01.clid-1.us-east-1a.test.foobar.com) as device /dev/xvdj", 
            "vol-052c99894b7466613 attached to i-04d1c15b122d9cbe7 (aka devops-nifimgr-01.clid-1.us-east-1a.test.foobar.com) as device /dev/xvdi", 
            "vol-04655de0497dd1f2d attached to i-04d1c15b122d9cbe7 (aka devops-nifimgr-01.clid-1.us-east-1a.test.foobar.com) as device /dev/xvdg"
        ], 
        "instanceId": "i-04d1c15b122d9cbe7", 
        "image": "ami-4bf3d731", 
        "imageId": "ami-4bf3d731", 
        "keyName": "saltmaster", 
        "clientToken": null, 
        "subnetId": "subnet-086c7450", 
        "amiLaunchIndex": "0", 
        "id": "i-04d1c15b122d9cbe7", 
        "size": "t2.medium", 
        "groupSet": {
            "item": {
                "groupName": "CentOS 7 -x86_64- - with Updates HVM-1801_01-AutogenByAWSMP-3", 
                "groupId": "sg-824967f4"
            }
        }, 
        "monitoring": {
            "state": "disabled"
        }, 
        "instanceType": "t2.medium", 
        "state": "running", 
        "dnsName": null, 
        "privateIpAddress": "10.123.20.99", 
        "virtualizationType": "hvm", 
        "privateDnsName": "ip-10-123-20-99.ec2.internal", 
        "reason": null, 
        "tagSet": {
            "item": [
                {
                    "value": "devops", 
                    "key": "Team"
                }, 
                {
                    "value": "salt dev testing", 
                    "key": "purpose"
                }, 
                {
                    "value": "paul bruno", 
                    "key": "Contact"
                }, 
                {
                    "value": "paulbruno", 
                    "key": "owner"
                }, 
                {
                    "value": "devops-nifimgr-01.clid-1.us-east-1a.test.foobar.com", 
                    "key": "Name"
                }
            ]
        }, 
        "deployed": true, 
        "private_ips": "10.123.20.99", 
        "sourceDestCheck": "true", 
        "blockDeviceMapping": {
            "item": [
                {
                    "deviceName": "/dev/sda1", 
                    "ebs": {
                        "status": "attached", 
                        "deleteOnTermination": "true", 
                        "volumeId": "vol-0cd233cc8ce9b7d57", 
                        "attachTime": "2018-05-24T20:42:02.000Z"
                    }
                }, 
                {
                    "deviceName": "/dev/xvdf", 
                    "ebs": {
                        "status": "attached", 
                        "deleteOnTermination": "true", 
                        "volumeId": "vol-0dfe381853d4483d1", 
                        "attachTime": "2018-05-24T20:43:45.000Z"
                    }
                }, 
                {
                    "deviceName": "/dev/xvdh", 
                    "ebs": {
                        "status": "attached", 
                        "deleteOnTermination": "true", 
                        "volumeId": "vol-0c4f5ac637f5651bf", 
                        "attachTime": "2018-05-24T20:43:56.000Z"
                    }
                }, 
                {
                    "deviceName": "/dev/xvdj", 
                    "ebs": {
                        "status": "attached", 
                        "deleteOnTermination": "true", 
                        "volumeId": "vol-089ddc5b554b8b3ce", 
                        "attachTime": "2018-05-24T20:44:07.000Z"
                    }
                }, 
                {
                    "deviceName": "/dev/xvdi", 
                    "ebs": {
                        "status": "attached", 
                        "deleteOnTermination": "true", 
                        "volumeId": "vol-052c99894b7466613", 
                        "attachTime": "2018-05-24T20:44:18.000Z"
                    }
                }, 
                {
                    "deviceName": "/dev/xvdg", 
                    "ebs": {
                        "status": "attached", 
                        "deleteOnTermination": "true", 
                        "volumeId": "vol-04655de0497dd1f2d", 
                        "attachTime": "2018-05-24T20:44:30.000Z"
                    }
                }
            ]
        }, 
        "placement": {
            "groupName": null, 
            "tenancy": "default", 
            "availabilityZone": "us-east-1a"
        }, 
        "name": "devops-nifimgr-01.clid-1.us-east-1a.test.foobar.com", 
        "instanceState": {
            "code": "16", 
            "name": "running"
        }, 
        "networkInterfaceSet": {
            "item": {
                "status": "in-use", 
                "macAddress": "0e:58:a5:b7:4a:4e", 
                "sourceDestCheck": "true", 
                "vpcId": "vpc-xxxxxxx", 
                "description": null, 
                "networkInterfaceId": "eni-260dbbbd", 
                "privateDnsName": "ip-10-123-20-99.ec2.internal", 
                "groupSet": {
                    "item": {
                        "groupName": "CentOS 7 -x86_64- - with Updates HVM-1801_01-AutogenByAWSMP-3", 
                        "groupId": "sg-824967f4"
                    }
                }, 
                "attachment": {
                    "status": "attached", 
                    "deviceIndex": "0", 
                    "deleteOnTermination": "true", 
                    "attachmentId": "eni-attach-90b2c28b", 
                    "attachTime": "2018-05-24T20:42:01.000Z"
                }, 
                "subnetId": "subnet-086c7450", 
                "ownerId": "705695343602", 
                "privateIpAddressesSet": {
                    "item": {
                        "privateDnsName": "ip-10-123-20-99.ec2.internal", 
                        "primary": "true", 
                        "privateIpAddress": "10.123.20.99"
                    }
                }, 
                "privateIpAddress": "10.123.20.99"
            }
        }, 
        "public_ips": [], 
        "ebsOptimized": "false", 
        "launchTime": "2018-05-24T20:42:01.000Z", 
        "architecture": "x86_64", 
        "hypervisor": "xen", 
        "rootDeviceType": "ebs", 
        "rootDeviceName": "/dev/sda1"
    }
}

